<?xml version="1.0" encoding="UTF-8"?>
<!-- Generated by org.testng.reporters.JUnitReportReporter -->
<testsuite hostname="LAPTOP-BCBO1JTN" failures="0" tests="1" name="driverFactory.DriverScript" time="29.383" errors="0" timestamp="2024-02-25T20:10:25 IST" skipped="0">
  <testcase classname="driverFactory.DriverScript" name="startTest" time="29.383"/>
  <system-out>
    <![CDATA[No of rows:  7
Login success:   http://orangehrm.qedgetech.com/symfony/web/index.php/dashboard  dashboard
Login Fail:   http://orangehrm.qedgetech.com/symfony/web/index.php/auth/login  dashboard
Login Fail:   http://orangehrm.qedgetech.com/symfony/web/index.php/auth/validateCredentials  dashboard
Login Fail:   http://orangehrm.qedgetech.com/symfony/web/index.php/auth/validateCredentials  dashboard
Login Fail:   http://orangehrm.qedgetech.com/symfony/web/index.php/auth/login  dashboard
Login success:   http://orangehrm.qedgetech.com/symfony/web/index.php/dashboard  dashboard
Login success:   http://orangehrm.qedgetech.com/symfony/web/index.php/dashboard  dashboard]]>
  </system-out>
</testsuite> <!-- driverFactory.DriverScript -->
